<?xml version="1.0" encoding="UTF-8"?>
<!-- Generated by org.testng.reporters.JUnitXMLReporter -->
<testsuite hostname="DESKTOP-CBLEUAT" name="Default test" tests="7" failures="0" timestamp="29 Mar 2020 23:51:39 GMT" time="93.492" errors="0">
  <testcase name="runScenario" time="11.901" classname="com.runner.NewToursRunner"/>
  <testcase name="runScenario" time="9.076" classname="com.runner.NewToursRunner"/>
  <testcase name="runScenario" time="14.29" classname="com.runner.NewToursRunner"/>
  <testcase name="runScenario" time="13.489" classname="com.runner.NewToursRunner"/>
  <testcase name="runScenario" time="14.128" classname="com.runner.NewToursRunner"/>
  <testcase name="runScenario" time="14.52" classname="com.runner.NewToursRunner"/>
  <testcase name="runScenario" time="14.488" classname="com.runner.NewToursRunner"/>
</testsuite> <!-- Default test -->
