<?xml version="1.0" encoding="UTF-8"?>
<testng-results skipped="0" failed="0" total="1" passed="1">
  <reporter-output>
  </reporter-output>
  <suite name="Default suite" duration-ms="22583" started-at="2020-04-05T19:40:47Z" finished-at="2020-04-05T19:41:09Z">
    <groups>
    </groups>
    <test name="Default test" duration-ms="22583" started-at="2020-04-05T19:40:47Z" finished-at="2020-04-05T19:41:09Z">
      <class name="com.testng.NewToursUnitTesting">
        <test-method status="PASS" signature="execution()[pri:0, instance:com.testng.NewToursUnitTesting@5f375618]" name="execution" duration-ms="22555" started-at="2020-04-05T19:40:47Z" finished-at="2020-04-05T19:41:09Z">
        </test-method> <!-- execution -->
      </class> <!-- com.testng.NewToursUnitTesting -->
    </test> <!-- Default test -->
  </suite> <!-- Default suite -->
</testng-results>
