<?xml version="1.0" encoding="UTF-8"?>
<testng-results skipped="0" failed="0" total="7" passed="7">
  <reporter-output>
  </reporter-output>
  <suite name="Default suite" duration-ms="93492" started-at="2020-03-29T19:50:05Z" finished-at="2020-03-29T19:51:39Z">
    <groups>
      <group name="cucumber">
        <method signature="AbstractTestNGCucumberTests.runScenario(cucumber.api.testng.PickleEventWrapper, cucumber.api.testng.CucumberFeatureWrapper)[pri:0, instance:com.runner.NewToursRunner@7c16905e]" name="runScenario" class="cucumber.api.testng.AbstractTestNGCucumberTests"/>
      </group> <!-- cucumber -->
    </groups>
    <test name="Default test" duration-ms="93492" started-at="2020-03-29T19:50:05Z" finished-at="2020-03-29T19:51:39Z">
      <class name="com.runner.NewToursRunner">
        <test-method status="PASS" signature="setUpClass()[pri:0, instance:com.runner.NewToursRunner@7c16905e]" name="setUpClass" is-config="true" duration-ms="270" started-at="2020-03-29T19:50:05Z" finished-at="2020-03-29T19:50:06Z">
        </test-method> <!-- setUpClass -->
        <test-method status="PASS" signature="runScenario(cucumber.api.testng.PickleEventWrapper, cucumber.api.testng.CucumberFeatureWrapper)[pri:0, instance:com.runner.NewToursRunner@7c16905e]" name="runScenario" duration-ms="11901" started-at="2020-03-29T19:50:06Z" description="Runs Cucumber Scenarios" finished-at="2020-03-29T19:50:18Z">
          <params>
            <param index="0">
              <value>
                <![CDATA["User Going Round Trip"]]>
              </value>
            </param>
            <param index="1">
              <value>
                <![CDATA["Find a flight"]]>
              </value>
            </param>
          </params>
        </test-method> <!-- runScenario -->
        <test-method status="PASS" signature="runScenario(cucumber.api.testng.PickleEventWrapper, cucumber.api.testng.CucumberFeatureWrapper)[pri:0, instance:com.runner.NewToursRunner@7c16905e]" name="runScenario" duration-ms="9076" started-at="2020-03-29T19:50:18Z" description="Runs Cucumber Scenarios" finished-at="2020-03-29T19:50:27Z">
          <params>
            <param index="0">
              <value>
                <![CDATA["User Going One Way"]]>
              </value>
            </param>
            <param index="1">
              <value>
                <![CDATA["Find a flight"]]>
              </value>
            </param>
          </params>
        </test-method> <!-- runScenario -->
        <test-method status="PASS" signature="runScenario(cucumber.api.testng.PickleEventWrapper, cucumber.api.testng.CucumberFeatureWrapper)[pri:0, instance:com.runner.NewToursRunner@7c16905e]" name="runScenario" duration-ms="14290" started-at="2020-03-29T19:50:27Z" description="Runs Cucumber Scenarios" finished-at="2020-03-29T19:50:41Z">
          <params>
            <param index="0">
              <value>
                <![CDATA["User is able to login to New Tours"]]>
              </value>
            </param>
            <param index="1">
              <value>
                <![CDATA["Login"]]>
              </value>
            </param>
          </params>
        </test-method> <!-- runScenario -->
        <test-method status="PASS" signature="runScenario(cucumber.api.testng.PickleEventWrapper, cucumber.api.testng.CucumberFeatureWrapper)[pri:0, instance:com.runner.NewToursRunner@7c16905e]" name="runScenario" duration-ms="13489" started-at="2020-03-29T19:50:41Z" description="Runs Cucumber Scenarios" finished-at="2020-03-29T19:50:54Z">
          <params>
            <param index="0">
              <value>
                <![CDATA["User is unable to login"]]>
              </value>
            </param>
            <param index="1">
              <value>
                <![CDATA["Login"]]>
              </value>
            </param>
          </params>
        </test-method> <!-- runScenario -->
        <test-method status="PASS" signature="runScenario(cucumber.api.testng.PickleEventWrapper, cucumber.api.testng.CucumberFeatureWrapper)[pri:0, instance:com.runner.NewToursRunner@7c16905e]" name="runScenario" duration-ms="14128" started-at="2020-03-29T19:50:54Z" description="Runs Cucumber Scenarios" finished-at="2020-03-29T19:51:09Z">
          <params>
            <param index="0">
              <value>
                <![CDATA["User is unable to login"]]>
              </value>
            </param>
            <param index="1">
              <value>
                <![CDATA["Login"]]>
              </value>
            </param>
          </params>
        </test-method> <!-- runScenario -->
        <test-method status="PASS" signature="runScenario(cucumber.api.testng.PickleEventWrapper, cucumber.api.testng.CucumberFeatureWrapper)[pri:0, instance:com.runner.NewToursRunner@7c16905e]" name="runScenario" duration-ms="14520" started-at="2020-03-29T19:51:09Z" description="Runs Cucumber Scenarios" finished-at="2020-03-29T19:51:23Z">
          <params>
            <param index="0">
              <value>
                <![CDATA["User is unable to login"]]>
              </value>
            </param>
            <param index="1">
              <value>
                <![CDATA["Login"]]>
              </value>
            </param>
          </params>
        </test-method> <!-- runScenario -->
        <test-method status="PASS" signature="runScenario(cucumber.api.testng.PickleEventWrapper, cucumber.api.testng.CucumberFeatureWrapper)[pri:0, instance:com.runner.NewToursRunner@7c16905e]" name="runScenario" duration-ms="14488" started-at="2020-03-29T19:51:23Z" description="Runs Cucumber Scenarios" finished-at="2020-03-29T19:51:38Z">
          <params>
            <param index="0">
              <value>
                <![CDATA["User is unable to login"]]>
              </value>
            </param>
            <param index="1">
              <value>
                <![CDATA["Login"]]>
              </value>
            </param>
          </params>
        </test-method> <!-- runScenario -->
        <test-method status="PASS" signature="tearDownClass()[pri:0, instance:com.runner.NewToursRunner@7c16905e]" name="tearDownClass" is-config="true" duration-ms="1240" started-at="2020-03-29T19:51:38Z" finished-at="2020-03-29T19:51:39Z">
        </test-method> <!-- tearDownClass -->
      </class> <!-- com.runner.NewToursRunner -->
    </test> <!-- Default test -->
  </suite> <!-- Default suite -->
</testng-results>
